{"C:\\Users\\maora\\OneDrive\\Desktop\\atlas\\atlas\\src\\components\\custom\\ContactUs.jsx": {"path":"C:\\Users\\maora\\OneDrive\\Desktop\\atlas\\atlas\\src\\components\\custom\\ContactUs.jsx","statementMap":{"0":{"start":{"line":5,"column":2},"end":{"line":23,"column":4}}},"fnMap":{"0":{"name":"ContactUs","decl":{"start":{"line":4,"column":9},"end":{"line":4,"column":18}},"loc":{"start":{"line":4,"column":21},"end":{"line":24,"column":1}},"line":4}},"branchMap":{},"s":{"0":5},"f":{"0":5},"b":{},"_coverageSchema":"1a1c01bbd47fc00a2c39e90264f33305004495a9","hash":"c1da2b88a718cd89d60ffa7ee78ed20af66f1680"}
,"C:\\Users\\maora\\OneDrive\\Desktop\\atlas\\atlas\\src\\components\\custom\\CustomLoader.jsx": {"path":"C:\\Users\\maora\\OneDrive\\Desktop\\atlas\\atlas\\src\\components\\custom\\CustomLoader.jsx","statementMap":{"0":{"start":{"line":10,"column":43},"end":{"line":10,"column":58}},"1":{"start":{"line":12,"column":2},"end":{"line":16,"column":18}},"2":{"start":{"line":13,"column":4},"end":{"line":15,"column":5}},"3":{"start":{"line":14,"column":6},"end":{"line":14,"column":15}},"4":{"start":{"line":18,"column":2},"end":{"line":51,"column":4}},"5":{"start":{"line":31,"column":14},"end":{"line":45,"column":17}}},"fnMap":{"0":{"name":"CustomLoader","decl":{"start":{"line":9,"column":9},"end":{"line":9,"column":21}},"loc":{"start":{"line":9,"column":37},"end":{"line":52,"column":1}},"line":9},"1":{"name":"(anonymous_1)","decl":{"start":{"line":12,"column":12},"end":{"line":12,"column":13}},"loc":{"start":{"line":12,"column":18},"end":{"line":16,"column":3}},"line":12},"2":{"name":"(anonymous_2)","decl":{"start":{"line":30,"column":13},"end":{"line":30,"column":14}},"loc":{"start":{"line":31,"column":14},"end":{"line":45,"column":17}},"line":31}},"branchMap":{"0":{"loc":{"start":{"line":13,"column":4},"end":{"line":15,"column":5}},"type":"if","locations":[{"start":{"line":13,"column":4},"end":{"line":15,"column":5}},{"start":{},"end":{}}],"line":13},"1":{"loc":{"start":{"line":20,"column":7},"end":{"line":49,"column":7}},"type":"binary-expr","locations":[{"start":{"line":20,"column":7},"end":{"line":20,"column":16}},{"start":{"line":21,"column":8},"end":{"line":48,"column":16}}],"line":20}},"s":{"0":6,"1":6,"2":6,"3":5,"4":6,"5":5},"f":{"0":6,"1":6,"2":5},"b":{"0":[5,1],"1":[6,5]},"_coverageSchema":"1a1c01bbd47fc00a2c39e90264f33305004495a9","hash":"676ce2f68cf68182194470ee20f56859c7aee777"}
,"C:\\Users\\maora\\OneDrive\\Desktop\\atlas\\atlas\\src\\components\\custom\\Features.jsx": {"path":"C:\\Users\\maora\\OneDrive\\Desktop\\atlas\\atlas\\src\\components\\custom\\Features.jsx","statementMap":{"0":{"start":{"line":4,"column":19},"end":{"line":21,"column":3}},"1":{"start":{"line":23,"column":2},"end":{"line":48,"column":4}},"2":{"start":{"line":30,"column":10},"end":{"line":44,"column":16}}},"fnMap":{"0":{"name":"Features","decl":{"start":{"line":3,"column":9},"end":{"line":3,"column":17}},"loc":{"start":{"line":3,"column":20},"end":{"line":49,"column":1}},"line":3},"1":{"name":"(anonymous_1)","decl":{"start":{"line":29,"column":22},"end":{"line":29,"column":23}},"loc":{"start":{"line":30,"column":10},"end":{"line":44,"column":16}},"line":30}},"branchMap":{},"s":{"0":7,"1":7,"2":21},"f":{"0":7,"1":21},"b":{},"_coverageSchema":"1a1c01bbd47fc00a2c39e90264f33305004495a9","hash":"03d34aea44261b234c5a01b07038af3b4db56e8c"}
,"C:\\Users\\maora\\OneDrive\\Desktop\\atlas\\atlas\\src\\components\\custom\\Hero.jsx": {"path":"C:\\Users\\maora\\OneDrive\\Desktop\\atlas\\atlas\\src\\components\\custom\\Hero.jsx","statementMap":{"0":{"start":{"line":7,"column":19},"end":{"line":7,"column":28}},"1":{"start":{"line":8,"column":36},"end":{"line":8,"column":51}},"2":{"start":{"line":10,"column":2},"end":{"line":23,"column":13}},"3":{"start":{"line":11,"column":4},"end":{"line":22,"column":5}},"4":{"start":{"line":12,"column":23},"end":{"line":12,"column":48}},"5":{"start":{"line":14,"column":6},"end":{"line":21,"column":7}},"6":{"start":{"line":15,"column":8},"end":{"line":15,"column":27}},"7":{"start":{"line":16,"column":8},"end":{"line":16,"column":58}},"8":{"start":{"line":18,"column":8},"end":{"line":20,"column":17}},"9":{"start":{"line":19,"column":10},"end":{"line":19,"column":30}},"10":{"start":{"line":25,"column":2},"end":{"line":74,"column":4}}},"fnMap":{"0":{"name":"Hero","decl":{"start":{"line":6,"column":9},"end":{"line":6,"column":13}},"loc":{"start":{"line":6,"column":16},"end":{"line":75,"column":1}},"line":6},"1":{"name":"(anonymous_1)","decl":{"start":{"line":10,"column":12},"end":{"line":10,"column":13}},"loc":{"start":{"line":10,"column":18},"end":{"line":23,"column":3}},"line":10},"2":{"name":"(anonymous_2)","decl":{"start":{"line":18,"column":19},"end":{"line":18,"column":20}},"loc":{"start":{"line":18,"column":25},"end":{"line":20,"column":9}},"line":18}},"branchMap":{"0":{"loc":{"start":{"line":11,"column":4},"end":{"line":22,"column":5}},"type":"if","locations":[{"start":{"line":11,"column":4},"end":{"line":22,"column":5}},{"start":{},"end":{}}],"line":11},"1":{"loc":{"start":{"line":14,"column":6},"end":{"line":21,"column":7}},"type":"if","locations":[{"start":{"line":14,"column":6},"end":{"line":21,"column":7}},{"start":{},"end":{}}],"line":14},"2":{"loc":{"start":{"line":14,"column":10},"end":{"line":14,"column":76}},"type":"binary-expr","locations":[{"start":{"line":14,"column":10},"end":{"line":14,"column":30}},{"start":{"line":14,"column":34},"end":{"line":14,"column":76}}],"line":14},"3":{"loc":{"start":{"line":34,"column":7},"end":{"line":38,"column":7}},"type":"binary-expr","locations":[{"start":{"line":34,"column":7},"end":{"line":34,"column":16}},{"start":{"line":35,"column":8},"end":{"line":37,"column":14}}],"line":34}},"s":{"0":8,"1":8,"2":8,"3":6,"4":2,"5":2,"6":1,"7":1,"8":1,"9":1,"10":8},"f":{"0":8,"1":6,"2":1},"b":{"0":[2,4],"1":[1,1],"2":[2,1],"3":[8,1]},"_coverageSchema":"1a1c01bbd47fc00a2c39e90264f33305004495a9","hash":"943e7a9a816bb5bf0cb1dc6356be02f5ef6fbd13"}
,"C:\\Users\\maora\\OneDrive\\Desktop\\atlas\\atlas\\src\\components\\custom\\HowItWorks.jsx": {"path":"C:\\Users\\maora\\OneDrive\\Desktop\\atlas\\atlas\\src\\components\\custom\\HowItWorks.jsx","statementMap":{"0":{"start":{"line":8,"column":19},"end":{"line":74,"column":1}},"1":{"start":{"line":9,"column":2},"end":{"line":73,"column":4}}},"fnMap":{"0":{"name":"(anonymous_0)","decl":{"start":{"line":8,"column":19},"end":{"line":8,"column":20}},"loc":{"start":{"line":8,"column":25},"end":{"line":74,"column":1}},"line":8}},"branchMap":{},"s":{"0":1,"1":5},"f":{"0":5},"b":{},"_coverageSchema":"1a1c01bbd47fc00a2c39e90264f33305004495a9","hash":"af9ab9bbfe1460e2ad8322e62e6543b151b717e9"}
,"C:\\Users\\maora\\OneDrive\\Desktop\\atlas\\atlas\\src\\components\\custom\\UserGallery.jsx": {"path":"C:\\Users\\maora\\OneDrive\\Desktop\\atlas\\atlas\\src\\components\\custom\\UserGallery.jsx","statementMap":{"0":{"start":{"line":5,"column":20},"end":{"line":136,"column":1}},"1":{"start":{"line":6,"column":16},"end":{"line":31,"column":3}},"2":{"start":{"line":33,"column":42},"end":{"line":33,"column":53}},"3":{"start":{"line":35,"column":21},"end":{"line":37,"column":3}},"4":{"start":{"line":36,"column":4},"end":{"line":36,"column":67}},"5":{"start":{"line":36,"column":35},"end":{"line":36,"column":65}},"6":{"start":{"line":39,"column":21},"end":{"line":43,"column":3}},"7":{"start":{"line":40,"column":4},"end":{"line":42,"column":6}},"8":{"start":{"line":41,"column":6},"end":{"line":41,"column":56}},"9":{"start":{"line":45,"column":22},"end":{"line":45,"column":41}},"10":{"start":{"line":46,"column":23},"end":{"line":46,"column":78}},"11":{"start":{"line":47,"column":19},"end":{"line":47,"column":59}},"12":{"start":{"line":49,"column":2},"end":{"line":135,"column":4}},"13":{"start":{"line":126,"column":10},"end":{"line":131,"column":18}}},"fnMap":{"0":{"name":"(anonymous_0)","decl":{"start":{"line":5,"column":20},"end":{"line":5,"column":21}},"loc":{"start":{"line":5,"column":26},"end":{"line":136,"column":1}},"line":5},"1":{"name":"(anonymous_1)","decl":{"start":{"line":35,"column":21},"end":{"line":35,"column":22}},"loc":{"start":{"line":35,"column":27},"end":{"line":37,"column":3}},"line":35},"2":{"name":"(anonymous_2)","decl":{"start":{"line":36,"column":20},"end":{"line":36,"column":21}},"loc":{"start":{"line":36,"column":35},"end":{"line":36,"column":65}},"line":36},"3":{"name":"(anonymous_3)","decl":{"start":{"line":39,"column":21},"end":{"line":39,"column":22}},"loc":{"start":{"line":39,"column":27},"end":{"line":43,"column":3}},"line":39},"4":{"name":"(anonymous_4)","decl":{"start":{"line":40,"column":20},"end":{"line":40,"column":21}},"loc":{"start":{"line":41,"column":6},"end":{"line":41,"column":56}},"line":41},"5":{"name":"(anonymous_5)","decl":{"start":{"line":125,"column":19},"end":{"line":125,"column":20}},"loc":{"start":{"line":126,"column":10},"end":{"line":131,"column":18}},"line":126}},"branchMap":{"0":{"loc":{"start":{"line":41,"column":6},"end":{"line":41,"column":56}},"type":"cond-expr","locations":[{"start":{"line":41,"column":24},"end":{"line":41,"column":40}},{"start":{"line":41,"column":43},"end":{"line":41,"column":56}}],"line":41},"1":{"loc":{"start":{"line":129,"column":14},"end":{"line":129,"column":65}},"type":"cond-expr","locations":[{"start":{"line":129,"column":39},"end":{"line":129,"column":49}},{"start":{"line":129,"column":52},"end":{"line":129,"column":65}}],"line":129}},"s":{"0":1,"1":9,"2":9,"3":9,"4":2,"5":2,"6":9,"7":1,"8":1,"9":9,"10":9,"11":9,"12":9,"13":36},"f":{"0":9,"1":2,"2":2,"3":1,"4":1,"5":36},"b":{"0":[1,0],"1":[9,27]},"_coverageSchema":"1a1c01bbd47fc00a2c39e90264f33305004495a9","hash":"99d760efa8e9afb374e7850b183830b4086b724e"}
,"C:\\Users\\maora\\OneDrive\\Desktop\\atlas\\atlas\\src\\components\\custom\\WhatsIncluded.jsx": {"path":"C:\\Users\\maora\\OneDrive\\Desktop\\atlas\\atlas\\src\\components\\custom\\WhatsIncluded.jsx","statementMap":{"0":{"start":{"line":7,"column":2},"end":{"line":46,"column":4}}},"fnMap":{"0":{"name":"WhatsIncluded","decl":{"start":{"line":6,"column":9},"end":{"line":6,"column":22}},"loc":{"start":{"line":6,"column":25},"end":{"line":47,"column":1}},"line":6}},"branchMap":{},"s":{"0":4},"f":{"0":4},"b":{},"_coverageSchema":"1a1c01bbd47fc00a2c39e90264f33305004495a9","hash":"2f83b5d13803c7fd5d371bf90bb5b465abeb9f5a"}
,"C:\\Users\\maora\\OneDrive\\Desktop\\atlas\\atlas\\src\\components\\ui\\button.jsx": {"path":"C:\\Users\\maora\\OneDrive\\Desktop\\atlas\\atlas\\src\\components\\ui\\button.jsx","statementMap":{"0":{"start":{"line":7,"column":23},"end":{"line":35,"column":1}},"1":{"start":{"line":37,"column":15},"end":{"line":45,"column":2}},"2":{"start":{"line":38,"column":15},"end":{"line":38,"column":40}},"3":{"start":{"line":39,"column":2},"end":{"line":44,"column":4}},"4":{"start":{"line":46,"column":0},"end":{"line":46,"column":29}}},"fnMap":{"0":{"name":"(anonymous_0)","decl":{"start":{"line":37,"column":32},"end":{"line":37,"column":33}},"loc":{"start":{"line":37,"column":98},"end":{"line":45,"column":1}},"line":37}},"branchMap":{"0":{"loc":{"start":{"line":37,"column":61},"end":{"line":37,"column":76}},"type":"default-arg","locations":[{"start":{"line":37,"column":71},"end":{"line":37,"column":76}}],"line":37},"1":{"loc":{"start":{"line":38,"column":15},"end":{"line":38,"column":40}},"type":"cond-expr","locations":[{"start":{"line":38,"column":25},"end":{"line":38,"column":29}},{"start":{"line":38,"column":32},"end":{"line":38,"column":40}}],"line":38}},"s":{"0":1,"1":1,"2":8,"3":8,"4":1},"f":{"0":8},"b":{"0":[8],"1":[0,8]},"_coverageSchema":"1a1c01bbd47fc00a2c39e90264f33305004495a9","hash":"18bfa0eaa28d6dfb4fbc47a26e140d3ae5d36510"}
,"C:\\Users\\maora\\OneDrive\\Desktop\\atlas\\atlas\\src\\lib\\utils.js": {"path":"C:\\Users\\maora\\OneDrive\\Desktop\\atlas\\atlas\\src\\lib\\utils.js","statementMap":{"0":{"start":{"line":5,"column":2},"end":{"line":5,"column":31}}},"fnMap":{"0":{"name":"cn","decl":{"start":{"line":4,"column":16},"end":{"line":4,"column":18}},"loc":{"start":{"line":4,"column":30},"end":{"line":6,"column":1}},"line":4}},"branchMap":{},"s":{"0":8},"f":{"0":8},"b":{},"_coverageSchema":"1a1c01bbd47fc00a2c39e90264f33305004495a9","hash":"991a3e1151886e900f1eb758bae8bb9bbbbef9cc"}
}
