TN:
SF:src\components\custom\ContactUs.jsx
FN:4,ContactUs
FNF:1
FNH:1
FNDA:5,ContactUs
DA:5,5
LF:1
LH:1
BRF:0
BRH:0
end_of_record
TN:
SF:src\components\custom\CustomLoader.jsx
FN:9,CustomLoader
FN:12,(anonymous_1)
FN:30,(anonymous_2)
FNF:3
FNH:3
FNDA:6,CustomLoader
FNDA:6,(anonymous_1)
FNDA:5,(anonymous_2)
DA:10,6
DA:12,6
DA:13,6
DA:14,5
DA:18,6
DA:31,5
LF:6
LH:6
BRDA:13,0,0,5
BRDA:13,0,1,1
BRDA:20,1,0,6
BRDA:20,1,1,5
BRF:4
BRH:4
end_of_record
TN:
SF:src\components\custom\Features.jsx
FN:3,Features
FN:29,(anonymous_1)
FNF:2
FNH:2
FNDA:7,Features
FNDA:21,(anonymous_1)
DA:4,7
DA:23,7
DA:30,21
LF:3
LH:3
BRF:0
BRH:0
end_of_record
TN:
SF:src\components\custom\Hero.jsx
FN:6,Hero
FN:10,(anonymous_1)
FN:18,(anonymous_2)
FNF:3
FNH:3
FNDA:8,Hero
FNDA:6,(anonymous_1)
FNDA:1,(anonymous_2)
DA:7,8
DA:8,8
DA:10,8
DA:11,6
DA:12,2
DA:14,2
DA:15,1
DA:16,1
DA:18,1
DA:19,1
DA:25,8
LF:11
LH:11
BRDA:11,0,0,2
BRDA:11,0,1,4
BRDA:14,1,0,1
BRDA:14,1,1,1
BRDA:14,2,0,2
BRDA:14,2,1,1
BRDA:34,3,0,8
BRDA:34,3,1,1
BRF:8
BRH:8
end_of_record
TN:
SF:src\components\custom\HowItWorks.jsx
FN:8,(anonymous_0)
FNF:1
FNH:1
FNDA:5,(anonymous_0)
DA:8,1
DA:9,5
LF:2
LH:2
BRF:0
BRH:0
end_of_record
TN:
SF:src\components\custom\UserGallery.jsx
FN:5,(anonymous_0)
FN:35,(anonymous_1)
FN:36,(anonymous_2)
FN:39,(anonymous_3)
FN:40,(anonymous_4)
FN:125,(anonymous_5)
FNF:6
FNH:6
FNDA:9,(anonymous_0)
FNDA:2,(anonymous_1)
FNDA:2,(anonymous_2)
FNDA:1,(anonymous_3)
FNDA:1,(anonymous_4)
FNDA:36,(anonymous_5)
DA:5,1
DA:6,9
DA:33,9
DA:35,9
DA:36,2
DA:39,9
DA:40,1
DA:41,1
DA:45,9
DA:46,9
DA:47,9
DA:49,9
DA:126,36
LF:13
LH:13
BRDA:41,0,0,1
BRDA:41,0,1,0
BRDA:129,1,0,9
BRDA:129,1,1,27
BRF:4
BRH:3
end_of_record
TN:
SF:src\components\custom\WhatsIncluded.jsx
FN:6,WhatsIncluded
FNF:1
FNH:1
FNDA:4,WhatsIncluded
DA:7,4
LF:1
LH:1
BRF:0
BRH:0
end_of_record
TN:
SF:src\components\ui\button.jsx
FN:37,(anonymous_0)
FNF:1
FNH:1
FNDA:8,(anonymous_0)
DA:7,1
DA:37,1
DA:38,8
DA:39,8
DA:46,1
LF:5
LH:5
BRDA:37,0,0,8
BRDA:38,1,0,0
BRDA:38,1,1,8
BRF:3
BRH:2
end_of_record
TN:
SF:src\lib\utils.js
FN:4,cn
FNF:1
FNH:1
FNDA:8,cn
DA:5,8
LF:1
LH:1
BRF:0
BRH:0
end_of_record
