TN:
SF:src\components\custom\ContactUs.jsx
FN:4,ContactUs
FNF:1
FNH:1
FNDA:9,ContactUs
DA:5,9
LF:1
LH:1
BRF:0
BRH:0
end_of_record
TN:
SF:src\components\custom\CustomLoader.jsx
FN:4,CustomLoader
FN:6,(anonymous_1)
FN:13,(anonymous_2)
FNF:3
FNH:3
FNDA:6,CustomLoader
FNDA:6,(anonymous_1)
FNDA:5,(anonymous_2)
DA:5,6
DA:6,6
DA:7,6
DA:9,6
DA:14,5
LF:5
LH:5
BRDA:11,0,0,6
BRDA:11,0,1,5
BRF:2
BRH:2
end_of_record
TN:
SF:src\components\custom\Features.jsx
FN:3,Features
FN:26,(anonymous_1)
FNF:2
FNH:2
FNDA:7,Features
FNDA:21,(anonymous_1)
DA:4,7
DA:22,7
DA:27,21
LF:3
LH:3
BRF:0
BRH:0
end_of_record
TN:
SF:src\components\custom\Hero.jsx
FN:6,Hero
FN:10,(anonymous_1)
FN:18,(anonymous_2)
FNF:3
FNH:3
FNDA:8,Hero
FNDA:6,(anonymous_1)
FNDA:1,(anonymous_2)
DA:7,8
DA:8,8
DA:10,8
DA:11,6
DA:12,2
DA:14,2
DA:15,1
DA:16,1
DA:18,1
DA:19,1
DA:25,8
LF:11
LH:11
BRDA:11,0,0,2
BRDA:11,0,1,4
BRDA:14,1,0,1
BRDA:14,1,1,1
BRDA:14,2,0,2
BRDA:14,2,1,1
BRDA:34,3,0,8
BRDA:34,3,1,1
BRF:8
BRH:8
end_of_record
TN:
SF:src\components\custom\HowItWorks.jsx
FN:4,(anonymous_0)
FNF:1
FNH:1
FNDA:5,(anonymous_0)
DA:4,1
DA:5,5
LF:2
LH:2
BRF:0
BRH:0
end_of_record
TN:
SF:src\components\custom\UserGallery.jsx
FN:5,(anonymous_0)
FN:15,(anonymous_1)
FN:16,(anonymous_2)
FN:19,(anonymous_3)
FN:20,(anonymous_4)
FN:94,(anonymous_5)
FNF:6
FNH:6
FNDA:9,(anonymous_0)
FNDA:2,(anonymous_1)
FNDA:2,(anonymous_2)
FNDA:1,(anonymous_3)
FNDA:1,(anonymous_4)
FNDA:36,(anonymous_5)
DA:5,1
DA:6,9
DA:13,9
DA:15,9
DA:16,2
DA:19,9
DA:20,1
DA:21,1
DA:25,9
DA:26,9
DA:27,9
DA:29,9
DA:95,36
LF:13
LH:13
BRDA:21,0,0,1
BRDA:21,0,1,0
BRDA:98,1,0,9
BRDA:98,1,1,27
BRF:4
BRH:3
end_of_record
TN:
SF:src\components\custom\WhatsIncluded.jsx
FN:6,WhatsIncluded
FNF:1
FNH:1
FNDA:4,WhatsIncluded
DA:7,4
LF:1
LH:1
BRF:0
BRH:0
end_of_record
TN:
SF:src\components\ui\button.jsx
FN:37,(anonymous_0)
FNF:1
FNH:1
FNDA:8,(anonymous_0)
DA:7,1
DA:37,1
DA:38,8
DA:39,8
DA:46,1
LF:5
LH:5
BRDA:37,0,0,8
BRDA:38,1,0,0
BRDA:38,1,1,8
BRF:3
BRH:2
end_of_record
TN:
SF:src\lib\utils.js
FN:4,cn
FNF:1
FNH:1
FNDA:8,cn
DA:5,8
LF:1
LH:1
BRF:0
BRH:0
end_of_record
